[15:58:48] [main/INFO] (Launcher) ModLauncher running: args [--launchTarget, neoforgeclientdev, --version, 21.8.33, --assetIndex, 1.21.8-26, --assetsDir, /home/raul/.gradle/caches/fabric-loom/assets, --fml.fmlVersion, 9.0.16, --fml.mcVersion, 1.21.8, --fml.neoForgeVersion, 21.8.33, --fml.neoFormVersion, 20250717.133445]
[15:58:48] [main/INFO] (Launcher) JVM identified as Ubuntu OpenJDK 64-Bit Server VM 21.0.8+9-Ubuntu-0ubuntu124.04.1
[15:58:48] [main/INFO] (Launcher) ModLauncher 9.0 starting: java version 21.0.8 by Ubuntu; OS Linux arch amd64 version 6.14.0-32-generic
[15:58:49] [main/INFO] (ImmediateWindowHandler) Loading ImmediateWindowProvider fmlearlywindow
[15:58:49] [main/INFO] (mixin) SpongePowered MIXIN Subsystem Version=0.8.7 Source=union:/home/raul/.gradle/caches/modules-2/files-2.1/net.fabricmc/sponge-mixin/0.15.2+mixin.0.8.7/2af2f021d8e02a0220dc27a7a72b4666d66d44ca/sponge-mixin-0.15.2+mixin.0.8.7.jar%23106!/ Service=ModLauncher Env=CLIENT
[15:58:49] [main/INFO] (ModDiscoverer) Found mod file "neoforge-21.8.33-minecraft-merged-1.21.8-loom.mappings.1_21_8.layered+hash.1088308426-v2-neoforge-21.8.33.jar" [locator: neoforge devenv provider ([/home/raul/.gradle/caches/fabric-loom/minecraftMaven/net/minecraft/neoforge-21.8.33-minecraft-merged/1.21.8-loom.mappings.1_21_8.layered+hash.1088308426-v2-neoforge-21.8.33/neoforge-21.8.33-minecraft-merged-1.21.8-loom.mappings.1_21_8.layered+hash.1088308426-v2-neoforge-21.8.33.jar])]
[15:58:49] [main/INFO] (ModDiscoverer) Found mod file "neoforge-21.8.33-minecraft-merged-1.21.8-loom.mappings.1_21_8.layered+hash.1088308426-v2-neoforge-21.8.33.jar" [locator: neoforge devenv provider ([/home/raul/.gradle/caches/fabric-loom/minecraftMaven/net/minecraft/neoforge-21.8.33-minecraft-merged/1.21.8-loom.mappings.1_21_8.layered+hash.1088308426-v2-neoforge-21.8.33/neoforge-21.8.33-minecraft-merged-1.21.8-loom.mappings.1_21_8.layered+hash.1088308426-v2-neoforge-21.8.33.jar])]
[15:58:49] [main/INFO] (ModDiscoverer) Found mod file "main" [locator: userdev mods and services, reader: mod manifest]
[15:58:49] [main/INFO] (ModDiscoverer) Found mod file "neoforge-21.8.33-minecraft-merged-1.21.8-loom.mappings.1_21_8.layered+hash.1088308426-v2-neoforge-21.8.33.jar" [locator: userdev mods and services, reader: mod manifest]
[15:58:49] [main/INFO] (ModDiscoverer) Found mod file "architectury-neoforge-2bc0b691-17.0.8.jar" [locator: userdev mods and services, reader: mod manifest]
[15:58:49] [main/INFO] (ModDiscoverer) Found mod file "17418471898984286316.jar" [locator: userdev mods and services, reader: mod manifest]
[15:58:49] [fml-loadingscreen/INFO] (LoadingScreenRenderer) GL info: NVIDIA GeForce RTX 3060 Ti/PCIe/SSE2 GL version 3.2.0 NVIDIA 570.172.08, NVIDIA Corporation
[15:58:49] [main/INFO] (ModDiscoverer) Found gamelibrary file "mixinextras-neoforge-0.5.0.jar" [locator: userdev mods and services, reader: mod manifest]
[15:58:49] [main/WARN] (JarSelector) Attempted to select a dependency jar for JarJar which was passed in as source: library:mixinextras.neoforge. Using Mod File: /home/raul/.gradle/caches/modules-2/files-2.1/io.github.llamalad7/mixinextras-neoforge/0.5.0/d734b83ce6542bb70ea31755c1595b88992dbe65/mixinextras-neoforge-0.5.0.jar
[15:58:49] [main/INFO] (JarInJarDependencyLocator) Found 1 dependencies adding them to mods collection
[15:58:49] [main/INFO] (ModDiscoverer) Found library file "net.neoforged.neoforge-coremods-21.8.33.jar" [parent: neoforge-21.8.33-minecraft-merged-1.21.8-loom.mappings.1_21_8.layered+hash.1088308426-v2-neoforge-21.8.33.jar, locator: jarinjar, reader: mod manifest]
[15:58:49] [main/INFO] (ModDiscoverer) 
     Mod List:
		Name Version (Mod Id)

		Architectury 17.0.8 (architectury)
		generated_86ae63d 1 (generated_86ae63d)
		Minecraft 1.21.8 (minecraft)
		NeoForge 21.8.33 (neoforge)
		QuackSMP 1.0.0 (quacksmp)
[15:58:50] [main/INFO] (mixin) Compatibility level set to JAVA_21
[15:58:50] [main/INFO] (LaunchServiceHandler) Launching target 'neoforgeclientdev' with arguments [--version, 21.8.33, --assetsDir, /home/raul/.gradle/caches/fabric-loom/assets, --assetIndex, 1.21.8-26]
[05Oct2025 15:58:50.271] [main/INFO] [unprotect/]: Found 9438 Minecraft classes
[05Oct2025 15:58:51.881] [Datafixer Bootstrap/INFO] [com.mojang.datafixers.DataFixerBuilder/]: 272 Datafixer optimizations took 295 milliseconds
[05Oct2025 15:58:52.001] [pool-11-thread-1/INFO] [MixinExtras|Service/]: Initializing MixinExtras via com.llamalad7.mixinextras.service.MixinExtrasServiceImpl(version=0.5.0).
[05Oct2025 15:58:56.171] [main/WARN] [net.minecraft.commands.Commands/]: Ambiguity between arguments [teleport, location] and [teleport, destination] with inputs: [0.1 -0.5 .9, 0 0 0]
[05Oct2025 15:58:56.172] [main/WARN] [net.minecraft.commands.Commands/]: Ambiguity between arguments [teleport, location] and [teleport, targets] with inputs: [0.1 -0.5 .9, 0 0 0]
[05Oct2025 15:58:56.175] [main/WARN] [net.minecraft.commands.Commands/]: Ambiguity between arguments [teleport, destination] and [teleport, targets] with inputs: [Player, 0123, @e, dd12be42-52a9-4a91-a8a1-11c01849e498]
[05Oct2025 15:58:56.177] [main/WARN] [net.minecraft.commands.Commands/]: Ambiguity between arguments [teleport, targets] and [teleport, destination] with inputs: [Player, 0123, dd12be42-52a9-4a91-a8a1-11c01849e498]
[05Oct2025 15:58:56.178] [main/WARN] [net.minecraft.commands.Commands/]: Ambiguity between arguments [teleport, targets, location] and [teleport, targets, destination] with inputs: [0.1 -0.5 .9, 0 0 0]
[05Oct2025 15:58:56.179] [main/WARN] [net.minecraft.commands.Commands/]: Ambiguity between arguments [waypoint, modify, waypoint, color, reset] and [waypoint, modify, waypoint, color, color] with inputs: [reset]
[05Oct2025 15:58:56.232] [modloading-worker-0/ERROR] [net.neoforged.neoforge.common.OnlyInWarningsHandler/]: The mod architectury uses the @OnlyIn annotation; the runtime member-stripping behaviour of this annotation is no longer present, which may lead to issues if that behaviour was relied upon
[05Oct2025 15:58:56.232] [modloading-worker-0/ERROR] [net.neoforged.neoforge.common.OnlyInWarningsHandler/]: @OnlyIn used on method dev.architectury.platform.Mod.registerConfigurationScreen(Ldev/architectury/platform/Mod$ConfigurationScreenProvider;)V
[05Oct2025 15:58:56.232] [modloading-worker-0/ERROR] [net.neoforged.neoforge.common.OnlyInWarningsHandler/]: @OnlyIn used on class dev.architectury.platform.Mod$ConfigurationScreenProvider
[05Oct2025 15:58:56.232] [modloading-worker-0/ERROR] [net.neoforged.neoforge.common.OnlyInWarningsHandler/]: @OnlyIn used on method dev.architectury.core.fluid.ArchitecturyFluidAttributesForge.initializeClient()Lnet/neoforged/neoforge/client/extensions/common/IClientFluidTypeExtensions;
[05Oct2025 15:58:56.233] [modloading-worker-0/ERROR] [net.neoforged.neoforge.common.OnlyInWarningsHandler/]: @OnlyIn used on method dev.architectury.core.fluid.ArchitecturyFluidAttributesForge.registerClient()V
[05Oct2025 15:58:56.233] [modloading-worker-0/ERROR] [net.neoforged.neoforge.common.OnlyInWarningsHandler/]: @OnlyIn used on method dev.architectury.utils.GameInstance.getClient()Lnet/minecraft/client/Minecraft;
[05Oct2025 15:58:56.233] [modloading-worker-0/ERROR] [net.neoforged.neoforge.common.OnlyInWarningsHandler/]: @OnlyIn used on class dev.architectury.registry.menu.MenuRegistry$ScreenFactory
[05Oct2025 15:58:56.233] [modloading-worker-0/ERROR] [net.neoforged.neoforge.common.OnlyInWarningsHandler/]: @OnlyIn used on method dev.architectury.registry.menu.MenuRegistry.registerScreenFactory(Lnet/minecraft/world/inventory/MenuType;Ldev/architectury/registry/menu/MenuRegistry$ScreenFactory;)V
[05Oct2025 15:58:56.233] [modloading-worker-0/ERROR] [net.neoforged.neoforge.common.OnlyInWarningsHandler/]: @OnlyIn used on method dev.architectury.registry.menu.forge.MenuRegistryImpl.registerScreenFactory(Lnet/minecraft/world/inventory/MenuType;Ldev/architectury/registry/menu/MenuRegistry$ScreenFactory;)V
[05Oct2025 15:58:56.233] [modloading-worker-0/ERROR] [net.neoforged.neoforge.common.OnlyInWarningsHandler/]: @OnlyIn used on class dev.architectury.registry.client.keymappings.KeyMappingRegistry
[05Oct2025 15:58:56.233] [modloading-worker-0/ERROR] [net.neoforged.neoforge.common.OnlyInWarningsHandler/]: @OnlyIn used on class dev.architectury.registry.client.gui.ClientTooltipComponentRegistry
[05Oct2025 15:58:56.233] [modloading-worker-0/ERROR] [net.neoforged.neoforge.common.OnlyInWarningsHandler/]: @OnlyIn used on class dev.architectury.registry.client.gui.forge.ClientTooltipComponentRegistryImpl
[05Oct2025 15:58:56.233] [modloading-worker-0/ERROR] [net.neoforged.neoforge.common.OnlyInWarningsHandler/]: @OnlyIn used on class dev.architectury.registry.client.rendering.RenderTypeRegistry
[05Oct2025 15:58:56.233] [modloading-worker-0/ERROR] [net.neoforged.neoforge.common.OnlyInWarningsHandler/]: @OnlyIn used on class dev.architectury.registry.client.rendering.ColorHandlerRegistry
[05Oct2025 15:58:56.233] [modloading-worker-0/ERROR] [net.neoforged.neoforge.common.OnlyInWarningsHandler/]: @OnlyIn used on class dev.architectury.registry.client.rendering.BlockEntityRendererRegistry
[05Oct2025 15:58:56.233] [modloading-worker-0/ERROR] [net.neoforged.neoforge.common.OnlyInWarningsHandler/]: @OnlyIn used on class dev.architectury.registry.client.particle.ParticleProviderRegistry
[05Oct2025 15:58:56.233] [modloading-worker-0/ERROR] [net.neoforged.neoforge.common.OnlyInWarningsHandler/]: @OnlyIn used on class dev.architectury.registry.client.level.entity.EntityRendererRegistry
[05Oct2025 15:58:56.233] [modloading-worker-0/ERROR] [net.neoforged.neoforge.common.OnlyInWarningsHandler/]: @OnlyIn used on class dev.architectury.registry.client.level.entity.EntityModelLayerRegistry
[05Oct2025 15:58:56.233] [modloading-worker-0/ERROR] [net.neoforged.neoforge.common.OnlyInWarningsHandler/]: @OnlyIn used on method dev.architectury.registry.forge.ReloadListenerRegistryImpl.addClientReloadListeners(Lnet/neoforged/neoforge/client/event/AddClientReloadListenersEvent;)V
[05Oct2025 15:58:56.233] [modloading-worker-0/ERROR] [net.neoforged.neoforge.common.OnlyInWarningsHandler/]: @OnlyIn used on method dev.architectury.networking.NetworkChannel.canServerReceive(Ljava/lang/Class;)Z
[05Oct2025 15:58:56.234] [modloading-worker-0/ERROR] [net.neoforged.neoforge.common.OnlyInWarningsHandler/]: @OnlyIn used on method dev.architectury.networking.NetworkChannel.sendToServer(Ljava/lang/Object;)V
[05Oct2025 15:58:56.234] [modloading-worker-0/ERROR] [net.neoforged.neoforge.common.OnlyInWarningsHandler/]: @OnlyIn used on method dev.architectury.networking.SpawnEntityPacket$Client.receive(Ldev/architectury/networking/SpawnEntityPacket$PacketPayload;Ldev/architectury/networking/NetworkManager$PacketContext;)V
[05Oct2025 15:58:56.234] [modloading-worker-0/ERROR] [net.neoforged.neoforge.common.OnlyInWarningsHandler/]: @OnlyIn used on method dev.architectury.networking.SpawnEntityPacket$Client.register()V
[05Oct2025 15:58:56.234] [modloading-worker-0/ERROR] [net.neoforged.neoforge.common.OnlyInWarningsHandler/]: @OnlyIn used on class dev.architectury.networking.SpawnEntityPacket$Client
[05Oct2025 15:58:56.234] [modloading-worker-0/ERROR] [net.neoforged.neoforge.common.OnlyInWarningsHandler/]: @OnlyIn used on method dev.architectury.networking.NetworkManager.canServerReceive(Lnet/minecraft/network/protocol/common/custom/CustomPacketPayload$Type;)Z
[05Oct2025 15:58:56.234] [modloading-worker-0/ERROR] [net.neoforged.neoforge.common.OnlyInWarningsHandler/]: @OnlyIn used on method dev.architectury.networking.NetworkManager.canServerReceive(Lnet/minecraft/resources/ResourceLocation;)Z
[05Oct2025 15:58:56.234] [modloading-worker-0/ERROR] [net.neoforged.neoforge.common.OnlyInWarningsHandler/]: @OnlyIn used on method dev.architectury.networking.NetworkManager.sendToServer(Lnet/minecraft/network/protocol/common/custom/CustomPacketPayload;)V
[05Oct2025 15:58:56.234] [modloading-worker-0/ERROR] [net.neoforged.neoforge.common.OnlyInWarningsHandler/]: @OnlyIn used on method dev.architectury.networking.NetworkManager.sendToServer(Lnet/minecraft/resources/ResourceLocation;Lnet/minecraft/network/RegistryFriendlyByteBuf;)V
[05Oct2025 15:58:56.234] [modloading-worker-0/ERROR] [net.neoforged.neoforge.common.OnlyInWarningsHandler/]: @OnlyIn used on method dev.architectury.networking.forge.NetworkManagerImpl.canServerReceive(Lnet/minecraft/resources/ResourceLocation;)Z
[05Oct2025 15:58:56.234] [modloading-worker-0/ERROR] [net.neoforged.neoforge.common.OnlyInWarningsHandler/]: @OnlyIn used on method dev.architectury.networking.transformers.PacketSink.client()Ldev/architectury/networking/transformers/PacketSink;
[05Oct2025 15:58:56.234] [modloading-worker-0/ERROR] [net.neoforged.neoforge.common.OnlyInWarningsHandler/]: @OnlyIn used on method dev.architectury.networking.transformers.SplitPacketTransformer$Client.init()V
[05Oct2025 15:58:56.234] [modloading-worker-0/ERROR] [net.neoforged.neoforge.common.OnlyInWarningsHandler/]: @OnlyIn used on method dev.architectury.networking.simple.BaseC2SMessage.sendToServer()V
[05Oct2025 15:58:56.234] [modloading-worker-0/ERROR] [net.neoforged.neoforge.common.OnlyInWarningsHandler/]: @OnlyIn used on method dev.architectury.event.EventHandler.registerServer()V
[05Oct2025 15:58:56.235] [modloading-worker-0/ERROR] [net.neoforged.neoforge.common.OnlyInWarningsHandler/]: @OnlyIn used on method dev.architectury.event.EventHandler.registerClient()V
[05Oct2025 15:58:56.235] [modloading-worker-0/ERROR] [net.neoforged.neoforge.common.OnlyInWarningsHandler/]: @OnlyIn used on method dev.architectury.event.forge.EventHandlerImpl.registerServer()V
[05Oct2025 15:58:56.235] [modloading-worker-0/ERROR] [net.neoforged.neoforge.common.OnlyInWarningsHandler/]: @OnlyIn used on method dev.architectury.event.forge.EventHandlerImpl.registerClient()V
[05Oct2025 15:58:56.235] [modloading-worker-0/ERROR] [net.neoforged.neoforge.common.OnlyInWarningsHandler/]: @OnlyIn used on class dev.architectury.event.forge.EventHandlerImplClient
[05Oct2025 15:58:56.235] [modloading-worker-0/ERROR] [net.neoforged.neoforge.common.OnlyInWarningsHandler/]: @OnlyIn used on class dev.architectury.event.forge.EventHandlerImplServer
[05Oct2025 15:58:56.235] [modloading-worker-0/ERROR] [net.neoforged.neoforge.common.OnlyInWarningsHandler/]: @OnlyIn used on class dev.architectury.event.forge.EventHandlerImplServer$ModBasedEventHandler
[05Oct2025 15:58:56.235] [modloading-worker-0/ERROR] [net.neoforged.neoforge.common.OnlyInWarningsHandler/]: @OnlyIn used on class dev.architectury.event.forge.EventHandlerImplClient$ModBasedEventHandler
[05Oct2025 15:58:56.235] [modloading-worker-0/ERROR] [net.neoforged.neoforge.common.OnlyInWarningsHandler/]: @OnlyIn used on class dev.architectury.event.events.client.ClientGuiEvent$ScreenInitPost
[05Oct2025 15:58:56.235] [modloading-worker-0/ERROR] [net.neoforged.neoforge.common.OnlyInWarningsHandler/]: @OnlyIn used on class dev.architectury.event.events.client.ClientSystemMessageEvent
[05Oct2025 15:58:56.235] [modloading-worker-0/ERROR] [net.neoforged.neoforge.common.OnlyInWarningsHandler/]: @OnlyIn used on class dev.architectury.event.events.client.ClientTooltipEvent$PositionContext
[05Oct2025 15:58:56.235] [modloading-worker-0/ERROR] [net.neoforged.neoforge.common.OnlyInWarningsHandler/]: @OnlyIn used on class dev.architectury.event.events.client.ClientTooltipEvent
[05Oct2025 15:58:56.235] [modloading-worker-0/ERROR] [net.neoforged.neoforge.common.OnlyInWarningsHandler/]: @OnlyIn used on class dev.architectury.event.events.client.ClientGuiEvent$ContainerScreenRenderBackground
[05Oct2025 15:58:56.235] [modloading-worker-0/ERROR] [net.neoforged.neoforge.common.OnlyInWarningsHandler/]: @OnlyIn used on class dev.architectury.event.events.client.ClientGuiEvent$ScreenRenderPre
[05Oct2025 15:58:56.235] [modloading-worker-0/ERROR] [net.neoforged.neoforge.common.OnlyInWarningsHandler/]: @OnlyIn used on class dev.architectury.event.events.client.ClientLifecycleEvent$ClientState
[05Oct2025 15:58:56.235] [modloading-worker-0/ERROR] [net.neoforged.neoforge.common.OnlyInWarningsHandler/]: @OnlyIn used on class dev.architectury.event.events.client.ClientLifecycleEvent$ClientLevelState
[05Oct2025 15:58:56.235] [modloading-worker-0/ERROR] [net.neoforged.neoforge.common.OnlyInWarningsHandler/]: @OnlyIn used on class dev.architectury.event.events.client.ClientPlayerEvent$ClientPlayerQuit
[05Oct2025 15:58:56.235] [modloading-worker-0/ERROR] [net.neoforged.neoforge.common.OnlyInWarningsHandler/]: @OnlyIn used on class dev.architectury.event.events.client.ClientSystemMessageEvent$Received
[05Oct2025 15:58:56.236] [modloading-worker-0/ERROR] [net.neoforged.neoforge.common.OnlyInWarningsHandler/]: @OnlyIn used on class dev.architectury.event.events.client.ClientGuiEvent$SetScreen
[05Oct2025 15:58:56.236] [modloading-worker-0/ERROR] [net.neoforged.neoforge.common.OnlyInWarningsHandler/]: @OnlyIn used on class dev.architectury.event.events.client.ClientTickEvent
[05Oct2025 15:58:56.236] [modloading-worker-0/ERROR] [net.neoforged.neoforge.common.OnlyInWarningsHandler/]: @OnlyIn used on class dev.architectury.event.events.client.ClientChatEvent$Received
[05Oct2025 15:58:56.236] [modloading-worker-0/ERROR] [net.neoforged.neoforge.common.OnlyInWarningsHandler/]: @OnlyIn used on class dev.architectury.event.events.client.ClientPlayerEvent
[05Oct2025 15:58:56.236] [modloading-worker-0/ERROR] [net.neoforged.neoforge.common.OnlyInWarningsHandler/]: @OnlyIn used on class dev.architectury.event.events.client.ClientGuiEvent$ScreenRenderPost
[05Oct2025 15:58:56.236] [modloading-worker-0/ERROR] [net.neoforged.neoforge.common.OnlyInWarningsHandler/]: @OnlyIn used on class dev.architectury.event.events.client.ClientTickEvent$Client
[05Oct2025 15:58:56.236] [modloading-worker-0/ERROR] [net.neoforged.neoforge.common.OnlyInWarningsHandler/]: @OnlyIn used on class dev.architectury.event.events.client.ClientGuiEvent$RenderHud
[05Oct2025 15:58:56.236] [modloading-worker-0/ERROR] [net.neoforged.neoforge.common.OnlyInWarningsHandler/]: @OnlyIn used on class dev.architectury.event.events.client.ClientPlayerEvent$ClientPlayerRespawn
[05Oct2025 15:58:56.236] [modloading-worker-0/ERROR] [net.neoforged.neoforge.common.OnlyInWarningsHandler/]: @OnlyIn used on class dev.architectury.event.events.client.ClientGuiEvent$ScreenInitPre
[05Oct2025 15:58:56.236] [modloading-worker-0/ERROR] [net.neoforged.neoforge.common.OnlyInWarningsHandler/]: @OnlyIn used on class dev.architectury.event.events.client.ClientChatEvent
[05Oct2025 15:58:56.236] [modloading-worker-0/ERROR] [net.neoforged.neoforge.common.OnlyInWarningsHandler/]: @OnlyIn used on class dev.architectury.event.events.client.ClientTooltipEvent$Item
[05Oct2025 15:58:56.236] [modloading-worker-0/ERROR] [net.neoforged.neoforge.common.OnlyInWarningsHandler/]: @OnlyIn used on class dev.architectury.event.events.client.ClientTooltipEvent$RenderModifyPosition
[05Oct2025 15:58:56.236] [modloading-worker-0/ERROR] [net.neoforged.neoforge.common.OnlyInWarningsHandler/]: @OnlyIn used on class dev.architectury.event.events.client.ClientTickEvent$ClientLevel
[05Oct2025 15:58:56.236] [modloading-worker-0/ERROR] [net.neoforged.neoforge.common.OnlyInWarningsHandler/]: @OnlyIn used on class dev.architectury.event.events.client.ClientRecipeUpdateEvent
[05Oct2025 15:58:56.236] [modloading-worker-0/ERROR] [net.neoforged.neoforge.common.OnlyInWarningsHandler/]: @OnlyIn used on class dev.architectury.event.events.client.ClientChatEvent$Send
[05Oct2025 15:58:56.236] [modloading-worker-0/ERROR] [net.neoforged.neoforge.common.OnlyInWarningsHandler/]: @OnlyIn used on class dev.architectury.event.events.client.ClientGuiEvent
[05Oct2025 15:58:56.237] [modloading-worker-0/ERROR] [net.neoforged.neoforge.common.OnlyInWarningsHandler/]: @OnlyIn used on class dev.architectury.event.events.client.ClientRawInputEvent
[05Oct2025 15:58:56.237] [modloading-worker-0/ERROR] [net.neoforged.neoforge.common.OnlyInWarningsHandler/]: @OnlyIn used on class dev.architectury.event.events.client.ClientGuiEvent$ContainerScreenRenderForeground
[05Oct2025 15:58:56.237] [modloading-worker-0/ERROR] [net.neoforged.neoforge.common.OnlyInWarningsHandler/]: @OnlyIn used on class dev.architectury.event.events.client.ClientTooltipEvent$Render
[05Oct2025 15:58:56.237] [modloading-worker-0/ERROR] [net.neoforged.neoforge.common.OnlyInWarningsHandler/]: @OnlyIn used on class dev.architectury.event.events.client.ClientGuiEvent$DebugText
[05Oct2025 15:58:56.237] [modloading-worker-0/ERROR] [net.neoforged.neoforge.common.OnlyInWarningsHandler/]: @OnlyIn used on class dev.architectury.event.events.client.ClientLifecycleEvent
[05Oct2025 15:58:56.237] [modloading-worker-0/ERROR] [net.neoforged.neoforge.common.OnlyInWarningsHandler/]: @OnlyIn used on class dev.architectury.event.events.client.ClientPlayerEvent$ClientPlayerJoin
[05Oct2025 15:58:56.237] [modloading-worker-0/ERROR] [net.neoforged.neoforge.common.OnlyInWarningsHandler/]: @OnlyIn used on class dev.architectury.event.events.client.ClientScreenInputEvent
[05Oct2025 15:58:56.237] [modloading-worker-0/ERROR] [net.neoforged.neoforge.common.OnlyInWarningsHandler/]: @OnlyIn used on class dev.architectury.hooks.client.screen.ScreenHooks
[05Oct2025 15:58:56.237] [modloading-worker-0/ERROR] [net.neoforged.neoforge.common.OnlyInWarningsHandler/]: @OnlyIn used on method dev.architectury.hooks.fluid.FluidStackHooks.getColor(Lnet/minecraft/world/level/material/Fluid;)I
[05Oct2025 15:58:56.237] [modloading-worker-0/ERROR] [net.neoforged.neoforge.common.OnlyInWarningsHandler/]: @OnlyIn used on method dev.architectury.hooks.fluid.FluidStackHooks.getColor(Ldev/architectury/fluid/FluidStack;)I
[05Oct2025 15:58:56.237] [modloading-worker-0/ERROR] [net.neoforged.neoforge.common.OnlyInWarningsHandler/]: @OnlyIn used on method dev.architectury.hooks.fluid.FluidStackHooks.getColor(Lnet/minecraft/world/level/BlockAndTintGetter;Lnet/minecraft/core/BlockPos;Lnet/minecraft/world/level/material/FluidState;)I
[05Oct2025 15:58:56.237] [modloading-worker-0/ERROR] [net.neoforged.neoforge.common.OnlyInWarningsHandler/]: @OnlyIn used on method dev.architectury.hooks.fluid.FluidStackHooks.getFlowingTexture(Lnet/minecraft/world/level/material/Fluid;)Lnet/minecraft/client/renderer/texture/TextureAtlasSprite;
[05Oct2025 15:58:56.237] [modloading-worker-0/ERROR] [net.neoforged.neoforge.common.OnlyInWarningsHandler/]: @OnlyIn used on method dev.architectury.hooks.fluid.FluidStackHooks.getFlowingTexture(Ldev/architectury/fluid/FluidStack;)Lnet/minecraft/client/renderer/texture/TextureAtlasSprite;
[05Oct2025 15:58:56.237] [modloading-worker-0/ERROR] [net.neoforged.neoforge.common.OnlyInWarningsHandler/]: @OnlyIn used on method dev.architectury.hooks.fluid.FluidStackHooks.getFlowingTexture(Lnet/minecraft/world/level/BlockAndTintGetter;Lnet/minecraft/core/BlockPos;Lnet/minecraft/world/level/material/FluidState;)Lnet/minecraft/client/renderer/texture/TextureAtlasSprite;
[05Oct2025 15:58:56.237] [modloading-worker-0/ERROR] [net.neoforged.neoforge.common.OnlyInWarningsHandler/]: @OnlyIn used on method dev.architectury.hooks.fluid.FluidStackHooks.getStillTexture(Lnet/minecraft/world/level/material/Fluid;)Lnet/minecraft/client/renderer/texture/TextureAtlasSprite;
[05Oct2025 15:58:56.237] [modloading-worker-0/ERROR] [net.neoforged.neoforge.common.OnlyInWarningsHandler/]: @OnlyIn used on method dev.architectury.hooks.fluid.FluidStackHooks.getStillTexture(Ldev/architectury/fluid/FluidStack;)Lnet/minecraft/client/renderer/texture/TextureAtlasSprite;
[05Oct2025 15:58:56.237] [modloading-worker-0/ERROR] [net.neoforged.neoforge.common.OnlyInWarningsHandler/]: @OnlyIn used on method dev.architectury.hooks.fluid.FluidStackHooks.getStillTexture(Lnet/minecraft/world/level/BlockAndTintGetter;Lnet/minecraft/core/BlockPos;Lnet/minecraft/world/level/material/FluidState;)Lnet/minecraft/client/renderer/texture/TextureAtlasSprite;
[05Oct2025 15:58:56.238] [modloading-worker-0/ERROR] [net.neoforged.neoforge.common.OnlyInWarningsHandler/]: @OnlyIn used on method dev.architectury.hooks.fluid.forge.FluidStackHooksImpl.getColor(Lnet/minecraft/world/level/material/Fluid;)I
[05Oct2025 15:58:56.238] [modloading-worker-0/ERROR] [net.neoforged.neoforge.common.OnlyInWarningsHandler/]: @OnlyIn used on method dev.architectury.hooks.fluid.forge.FluidStackHooksImpl.getColor(Ldev/architectury/fluid/FluidStack;)I
[05Oct2025 15:58:56.238] [modloading-worker-0/ERROR] [net.neoforged.neoforge.common.OnlyInWarningsHandler/]: @OnlyIn used on method dev.architectury.hooks.fluid.forge.FluidStackHooksImpl.getColor(Lnet/minecraft/world/level/BlockAndTintGetter;Lnet/minecraft/core/BlockPos;Lnet/minecraft/world/level/material/FluidState;)I
[05Oct2025 15:58:56.238] [modloading-worker-0/ERROR] [net.neoforged.neoforge.common.OnlyInWarningsHandler/]: @OnlyIn used on method dev.architectury.hooks.fluid.forge.FluidStackHooksImpl.getFlowingTexture(Lnet/minecraft/world/level/material/Fluid;)Lnet/minecraft/client/renderer/texture/TextureAtlasSprite;
[05Oct2025 15:58:56.238] [modloading-worker-0/ERROR] [net.neoforged.neoforge.common.OnlyInWarningsHandler/]: @OnlyIn used on method dev.architectury.hooks.fluid.forge.FluidStackHooksImpl.getFlowingTexture(Ldev/architectury/fluid/FluidStack;)Lnet/minecraft/client/renderer/texture/TextureAtlasSprite;
[05Oct2025 15:58:56.238] [modloading-worker-0/ERROR] [net.neoforged.neoforge.common.OnlyInWarningsHandler/]: @OnlyIn used on method dev.architectury.hooks.fluid.forge.FluidStackHooksImpl.getFlowingTexture(Lnet/minecraft/world/level/BlockAndTintGetter;Lnet/minecraft/core/BlockPos;Lnet/minecraft/world/level/material/FluidState;)Lnet/minecraft/client/renderer/texture/TextureAtlasSprite;
[05Oct2025 15:58:56.238] [modloading-worker-0/ERROR] [net.neoforged.neoforge.common.OnlyInWarningsHandler/]: @OnlyIn used on method dev.architectury.hooks.fluid.forge.FluidStackHooksImpl.getStillTexture(Lnet/minecraft/world/level/material/Fluid;)Lnet/minecraft/client/renderer/texture/TextureAtlasSprite;
[05Oct2025 15:58:56.238] [modloading-worker-0/ERROR] [net.neoforged.neoforge.common.OnlyInWarningsHandler/]: @OnlyIn used on method dev.architectury.hooks.fluid.forge.FluidStackHooksImpl.getStillTexture(Ldev/architectury/fluid/FluidStack;)Lnet/minecraft/client/renderer/texture/TextureAtlasSprite;
[05Oct2025 15:58:56.238] [modloading-worker-0/ERROR] [net.neoforged.neoforge.common.OnlyInWarningsHandler/]: @OnlyIn used on method dev.architectury.hooks.fluid.forge.FluidStackHooksImpl.getStillTexture(Lnet/minecraft/world/level/BlockAndTintGetter;Lnet/minecraft/core/BlockPos;Lnet/minecraft/world/level/material/FluidState;)Lnet/minecraft/client/renderer/texture/TextureAtlasSprite;
[05Oct2025 15:58:56.270] [modloading-worker-0/INFO] [net.neoforged.neoforge.common.NeoForgeMod/NEOFORGE-MOD]: NeoForge mod loading, version 21.8.33, for MC 1.21.8
[05Oct2025 15:58:56.452] [modloading-worker-0/INFO] [quacksmp/]: QuackSMP Essentials Mod initialized
[05Oct2025 15:58:56.765] [Render thread/WARN] [net.minecraft.server.packs.VanillaPackResourcesBuilder/]: Assets URL 'union:/home/raul/.gradle/caches/fabric-loom/minecraftMaven/net/minecraft/neoforge-21.8.33-minecraft-merged/1.21.8-loom.mappings.1_21_8.layered+hash.1088308426-v2-neoforge-21.8.33/neoforge-21.8.33-minecraft-merged-1.21.8-loom.mappings.1_21_8.layered+hash.1088308426-v2-neoforge-21.8.33.jar%23205!/assets/.mcassetsroot' uses unexpected schema
[05Oct2025 15:58:56.767] [Render thread/WARN] [net.minecraft.server.packs.VanillaPackResourcesBuilder/]: Assets URL 'union:/home/raul/.gradle/caches/fabric-loom/minecraftMaven/net/minecraft/neoforge-21.8.33-minecraft-merged/1.21.8-loom.mappings.1_21_8.layered+hash.1088308426-v2-neoforge-21.8.33/neoforge-21.8.33-minecraft-merged-1.21.8-loom.mappings.1_21_8.layered+hash.1088308426-v2-neoforge-21.8.33.jar%23205!/data/.mcassetsroot' uses unexpected schema
[05Oct2025 15:58:56.784] [Render thread/INFO] [com.mojang.authlib.yggdrasil.YggdrasilAuthenticationService/]: Environment: Environment[sessionHost=https://sessionserver.mojang.com, servicesHost=https://api.minecraftservices.com, name=PROD]
[05Oct2025 15:58:56.789] [Render thread/INFO] [net.minecraft.client.Minecraft/]: Setting user: Dev
[05Oct2025 15:58:56.866] [Render thread/INFO] [net.minecraft.client.Minecraft/]: Backend library: LWJGL version 3.3.3+5
[05Oct2025 15:58:56.960] [Render thread/INFO] [net.minecraft.client.Minecraft/]: Using optional rendering extensions: GL_ARB_buffer_storage, GL_KHR_debug, GL_ARB_vertex_attrib_binding, GL_ARB_direct_state_access
[05Oct2025 15:58:57.627] [Render thread/INFO] [net.minecraft.server.packs.resources.ReloadableResourceManager/]: Reloading ResourceManager: vanilla, mod_resources, mod/generated_86ae63d, mod/architectury, mod/quacksmp, mod/neoforge
[05Oct2025 15:58:57.668] [resourceLoad/INFO] [net.minecraft.client.gui.font.providers.UnihexProvider/]: Found unifont_pua-16.0.03.hex, loading
[05Oct2025 15:58:57.670] [resourceLoad/INFO] [net.minecraft.client.gui.font.providers.UnihexProvider/]: Found unifont_all_no_pua-16.0.03.hex, loading
[05Oct2025 15:58:57.682] [resourceLoad/INFO] [net.minecraft.client.gui.font.providers.UnihexProvider/]: Found unifont_jp_patch-16.0.03.hex, loading
[05Oct2025 15:58:58.676] [Render thread/INFO] [com.mojang.blaze3d.audio.Library/]: OpenAL initialized on device Bose QuietComfort 35
[05Oct2025 15:58:58.676] [Render thread/INFO] [net.minecraft.client.sounds.SoundEngine/SOUNDS]: Sound engine started
[05Oct2025 15:58:58.771] [Render thread/INFO] [net.minecraft.client.renderer.texture.TextureAtlas/]: Created: 1024x512x4 minecraft:textures/atlas/blocks.png-atlas
[05Oct2025 15:58:58.778] [Render thread/INFO] [net.minecraft.client.renderer.texture.TextureAtlas/]: Created: 256x256x4 minecraft:textures/atlas/signs.png-atlas
[05Oct2025 15:58:58.779] [Render thread/INFO] [net.minecraft.client.renderer.texture.TextureAtlas/]: Created: 512x512x4 minecraft:textures/atlas/shield_patterns.png-atlas
[05Oct2025 15:58:58.779] [Render thread/INFO] [net.minecraft.client.renderer.texture.TextureAtlas/]: Created: 512x512x4 minecraft:textures/atlas/banner_patterns.png-atlas
[05Oct2025 15:58:58.780] [Render thread/INFO] [net.minecraft.client.renderer.texture.TextureAtlas/]: Created: 2048x1024x4 minecraft:textures/atlas/armor_trims.png-atlas
[05Oct2025 15:58:58.783] [Render thread/INFO] [net.minecraft.client.renderer.texture.TextureAtlas/]: Created: 256x256x4 minecraft:textures/atlas/chest.png-atlas
[05Oct2025 15:58:58.787] [Render thread/INFO] [net.minecraft.client.renderer.texture.TextureAtlas/]: Created: 128x64x4 minecraft:textures/atlas/decorated_pot.png-atlas
[05Oct2025 15:58:58.787] [Render thread/INFO] [net.minecraft.client.renderer.texture.TextureAtlas/]: Created: 512x256x4 minecraft:textures/atlas/shulker_boxes.png-atlas
[05Oct2025 15:58:58.788] [Render thread/INFO] [net.minecraft.client.renderer.texture.TextureAtlas/]: Created: 512x256x4 minecraft:textures/atlas/beds.png-atlas
[05Oct2025 15:58:58.790] [Render thread/INFO] [net.minecraft.client.renderer.texture.TextureAtlas/]: Created: 64x64x0 minecraft:textures/atlas/map_decorations.png-atlas
[05Oct2025 15:58:58.906] [Render thread/INFO] [net.minecraft.client.renderer.texture.TextureAtlas/]: Created: 512x256x0 minecraft:textures/atlas/particles.png-atlas
[05Oct2025 15:58:58.907] [Render thread/INFO] [net.minecraft.client.renderer.texture.TextureAtlas/]: Created: 512x256x0 minecraft:textures/atlas/paintings.png-atlas
[05Oct2025 15:58:58.907] [Render thread/INFO] [net.minecraft.client.renderer.texture.TextureAtlas/]: Created: 1024x512x0 minecraft:textures/atlas/gui.png-atlas
[05Oct2025 15:58:58.910] [Render thread/INFO] [net.neoforged.neoforge.client.entity.animation.json.AnimationLoader/]: Loaded 0 entity animations
[05Oct2025 15:59:08.142] [Render thread/WARN] [net.minecraft.server.MinecraftServer/]: Missing data pack tests
[05Oct2025 15:59:08.777] [Render thread/INFO] [net.minecraft.world.item.crafting.RecipeManager/]: Loaded 1407 recipes
[05Oct2025 15:59:08.787] [Render thread/INFO] [net.minecraft.advancements.AdvancementTree/]: Loaded 1520 advancements
[05Oct2025 15:59:08.788] [Render thread/INFO] [net.neoforged.neoforge.common.crafting.RecipePriorityManager/]: Loaded 0 recipe priority overrides
[05Oct2025 15:59:14.439] [Render thread/INFO] [net.minecraft.client.gui.screens.ConnectScreen/]: Connecting to fe80::52eb:f6ff:fe7c:37aa%2, 25565
[05Oct2025 15:59:15.590] [Render thread/INFO] [net.minecraft.advancements.AdvancementTree/]: Loaded 2 advancements
[05Oct2025 15:59:16.009] [Render thread/INFO] [net.minecraft.client.renderer.DynamicUniformStorage/]: Resizing Dynamic Transforms UBO, capacity limit of 2 reached during a single frame. New capacity will be 4.
[05Oct2025 15:59:16.035] [Render thread/INFO] [net.minecraft.client.renderer.DynamicUniformStorage/]: Resizing Dynamic Transforms UBO, capacity limit of 4 reached during a single frame. New capacity will be 8.
[05Oct2025 15:59:16.204] [Render thread/INFO] [net.minecraft.client.renderer.DynamicUniformStorage/]: Resizing Dynamic Transforms UBO, capacity limit of 8 reached during a single frame. New capacity will be 16.
[05Oct2025 15:59:16.303] [Render thread/INFO] [net.minecraft.client.renderer.DynamicUniformStorage/]: Resizing Dynamic Transforms UBO, capacity limit of 16 reached during a single frame. New capacity will be 32.
[05Oct2025 15:59:16.305] [Render thread/INFO] [net.minecraft.client.renderer.DynamicUniformStorage/]: Resizing Dynamic Transforms UBO, capacity limit of 32 reached during a single frame. New capacity will be 64.
[05Oct2025 15:59:16.417] [Render thread/INFO] [net.minecraft.client.renderer.DynamicUniformStorage/]: Resizing Dynamic Transforms UBO, capacity limit of 64 reached during a single frame. New capacity will be 128.
[05Oct2025 15:59:17.433] [Render thread/INFO] [net.minecraft.client.renderer.DynamicUniformStorage/]: Resizing Dynamic Transforms UBO, capacity limit of 128 reached during a single frame. New capacity will be 256.
[05Oct2025 15:59:18.913] [Render thread/INFO] [net.minecraft.client.renderer.DynamicUniformStorage/]: Resizing Dynamic Transforms UBO, capacity limit of 256 reached during a single frame. New capacity will be 512.
[05Oct2025 15:59:20.942] [Render thread/INFO] [net.minecraft.client.renderer.DynamicUniformStorage/]: Resizing Dynamic Transforms UBO, capacity limit of 512 reached during a single frame. New capacity will be 1024.
[05Oct2025 15:59:26.371] [Render thread/INFO] [net.minecraft.client.renderer.DynamicUniformStorage/]: Resizing Dynamic Transforms UBO, capacity limit of 1024 reached during a single frame. New capacity will be 2048.
[05Oct2025 15:59:31.638] [Render thread/INFO] [net.minecraft.advancements.AdvancementTree/]: Loaded 5 advancements
[05Oct2025 15:59:48.635] [Render thread/INFO] [net.minecraft.advancements.AdvancementTree/]: Loaded 16 advancements
[05Oct2025 16:01:00.956] [Render thread/INFO] [net.minecraft.client.Minecraft/]: Stopping!
