[15:54:13] [main/INFO] (FabricLoader/GameProvider) Loading Minecraft 1.21.8 with Fabric Loader 0.17.2
[15:54:14] [main/INFO] (FabricLoader) Loading 44 mods:
	- architectury 17.0.8
	- fabric-api 0.133.4+1.21.8
	- fabric-api-base 0.5.0+cd8c0daa2c
	- fabric-api-lookup-api-v1 1.6.101+946bf4c32c
	- fabric-biome-api-v1 16.0.11+946bf4c32c
	- fabric-block-api-v1 1.1.3+946bf4c32c
	- fabric-block-view-api-v2 1.0.31+946bf4c32c
	- fabric-command-api-v2 2.3.1+52fff9ec2c
	- fabric-content-registries-v0 10.1.0+c75de69d2c
	- fabric-convention-tags-v1 2.1.41+7f945d5b2c
	- fabric-convention-tags-v2 2.15.6+eb5df52f2c
	- fabric-crash-report-info-v1 0.3.15+946bf4c32c
	- fabric-data-attachment-api-v1 1.8.13+38b5f74e2c
	- fabric-data-generation-api-v1 23.2.7+0b1ef9762c
	- fabric-dimensions-v1 4.0.20+948fc79a2c
	- fabric-entity-events-v1 2.1.2+c9e472732c
	- fabric-events-interaction-v0 4.0.25+946bf4c32c
	- fabric-game-rule-api-v1 1.0.73+c64c9c5b2c
	- fabric-gametest-api-v1 3.1.10+39ce47f52c
	- fabric-item-api-v1 11.5.0+02ce13f42c
	- fabric-item-group-api-v1 4.2.14+c5f9bbc12c
	- fabric-lifecycle-events-v1 2.6.4+db4dfd852c
	- fabric-loot-api-v2 3.0.56+3f89f5a52c
	- fabric-loot-api-v3 2.0.3+946bf4c32c
	- fabric-message-api-v1 6.1.2+946bf4c32c
	- fabric-networking-api-v1 5.0.3+4ddbf91b2c
	- fabric-object-builder-api-v1 21.1.9+946bf4c32c
	- fabric-particles-v1 4.1.9+946bf4c32c
	- fabric-recipe-api-v1 8.1.16+946bf4c32c
	- fabric-registry-sync-v0 6.1.29+946bf4c32c
	- fabric-rendering-fluids-v1 3.1.31+fa6cb72b2c
	- fabric-resource-conditions-api-v1 5.0.25+98e6d6db2c
	- fabric-resource-loader-v0 3.1.12+020423442c
	- fabric-screen-handler-api-v1 1.3.138+946bf4c32c
	- fabric-serialization-api-v1 1.0.0+fc0e5aba2c
	- fabric-tag-api-v1 1.2.2+946bf4c32c
	- fabric-transfer-api-v1 6.0.6+946bf4c32c
	- fabric-transitive-access-wideners-v1 6.5.0+c847ce762c
	- fabricloader 0.17.2
	- generated_29340be 1.0.0
	- java 21
	- minecraft 1.21.8
	- mixinextras 0.5.0
	- quacksmp 1.0.0
[15:54:14] [main/INFO] (FabricLoader/Mixin) SpongePowered MIXIN Subsystem Version=0.8.7 Source=file:/home/raul/.gradle/caches/modules-2/files-2.1/net.fabricmc/sponge-mixin/0.16.3+mixin.0.8.7/3e535042688d1265447e52ad86950b7d9678a5fa/sponge-mixin-0.16.3+mixin.0.8.7.jar Service=Knot/Fabric Env=SERVER
[15:54:14] [main/INFO] (FabricLoader/Mixin) Loaded Fabric development mappings for mixin remapper!
[15:54:14] [main/INFO] (FabricLoader/Mixin) Compatibility level set to JAVA_21
[15:54:14] [main/INFO] (FabricLoader/MixinExtras|Service) Initializing MixinExtras via com.llamalad7.mixinextras.service.MixinExtrasServiceImpl(version=0.5.0).
[15:54:18] [main/INFO] (quacksmp) QuackSMP Essentials Mod initialized
[15:54:19] [main/INFO] (Minecraft) Environment: Environment[sessionHost=https://sessionserver.mojang.com, servicesHost=https://api.minecraftservices.com, name=PROD]
[15:54:19] [main/INFO] (Minecraft) No existing world data, creating new world
[15:54:20] [main/INFO] (Minecraft) Loaded 1407 recipes
[15:54:20] [main/INFO] (Minecraft) Loaded 1520 advancements
[15:54:20] [main/INFO] (BiomeModificationImpl) Applied 0 biome modifications to 0 of 65 new biomes in 1.036 ms
[15:54:20] [Server thread/INFO] (Minecraft) Starting minecraft server version 1.21.8
[15:54:20] [Server thread/INFO] (Minecraft) Loading properties
[15:54:20] [Server thread/INFO] (Minecraft) Default game type: SURVIVAL
[15:54:20] [Server thread/INFO] (Minecraft) Generating keypair
[15:54:20] [Server thread/INFO] (Minecraft) Starting Minecraft server on *:25565
[15:54:20] [Server thread/INFO] (Minecraft) Using epoll channel type
[15:54:20] [Server thread/WARN] (Minecraft) **** SERVER IS RUNNING IN OFFLINE/INSECURE MODE!
[15:54:20] [Server thread/WARN] (Minecraft) The server will make no attempt to authenticate usernames. Beware.
[15:54:20] [Server thread/WARN] (Minecraft) While this makes the game possible to play without internet access, it also opens up the ability for hackers to connect with any username they choose.
[15:54:20] [Server thread/WARN] (Minecraft) To change this, set "online-mode" to "true" in the server.properties file.
[15:54:20] [Server thread/INFO] (Minecraft) Preparing level "world"
[15:54:23] [Server thread/INFO] (Minecraft) Preparing start region for dimension minecraft:overworld
[15:54:23] [Worker-Main-7/INFO] (Minecraft) Preparing spawn area: 2%
[15:54:23] [Worker-Main-10/INFO] (Minecraft) Preparing spawn area: 2%
[15:54:24] [Worker-Main-6/INFO] (Minecraft) Preparing spawn area: 18%
[15:54:24] [Worker-Main-2/INFO] (Minecraft) Preparing spawn area: 51%
[15:54:25] [Server thread/INFO] (Minecraft) Time elapsed: 2004 ms
[15:54:25] [Server thread/INFO] (Minecraft) Done (4.730s)! For help, type "help"
[15:54:26] [Server thread/INFO] (Minecraft) Player613[/127.0.0.1:58886] logged in with entity id 58 at (-23.5, 70.0, 6.5)
[15:54:26] [Server thread/INFO] (Minecraft) Player613 joined the game
[15:54:45] [Server thread/INFO] (Minecraft) Player613 lost connection: Disconnected
[15:54:45] [Server thread/INFO] (Minecraft) Player613 left the game
